[2026-01-02 10:17:21] [INFO] [control] control_decision
[2026-01-02 10:24:48] [INFO] [control] control_decision
[2026-01-02 10:26:40] [INFO] [control] control_decision
[2026-01-02 10:27:13] [INFO] [control] control_decision
[2026-01-02 10:37:27] [INFO] [memory.user] memory_write
[2026-01-02 10:37:27] [INFO] [memory.user] memory_read
[2026-01-02 10:37:27] [INFO] [memory.conversation] memory_read
[2026-01-02 10:39:07] [INFO] [control] control_decision
[2026-01-02 11:33:12] [INFO] [control] control_decision
[2026-01-02 11:46:31] [INFO] [control] control_decision
[2026-01-02 11:59:04] [INFO] [control] control_decision
[2026-01-02 11:59:27] [INFO] [control] control_decision
[2026-01-02 11:59:53] [INFO] [control] control_decision
[2026-01-02 12:04:26] [INFO] [control] control_decision
[2026-01-02 12:04:52] [INFO] [control] control_decision
[2026-01-02 12:05:24] [INFO] [control] Invalid mode 'web_required', applying fallback
[2026-01-02 12:05:24] [INFO] [control] control_decision
[2026-01-02 12:06:04] [WARNING] [actions.manager] actions_disabled
[2026-01-02 12:06:04] [WARNING] [actions.manager] actions_disabled
[2026-01-02 12:06:04] [WARNING] [actions.manager] actions_disabled
[2026-01-02 12:06:47] [INFO] [actions.executor] action_open_app
[2026-01-02 12:09:43] [INFO] [actions.executor] action_open_app
[2026-01-02 12:09:43] [INFO] [actions.executor] action_open_app
[2026-01-02 12:09:43] [INFO] [actions.executor] action_open_url
[2026-01-02 12:11:50] [INFO] [actions.executor] action_open_app
[2026-01-02 12:11:50] [INFO] [actions.executor] action_open_app
[2026-01-02 12:11:50] [INFO] [actions.executor] action_open_url
[2026-01-02 12:14:14] [INFO] [actions.executor] action_open_app
[2026-01-02 12:14:14] [INFO] [actions.executor] action_open_app
[2026-01-02 12:14:14] [INFO] [actions.executor] action_open_url
[2026-01-02 12:20:38] [INFO] [control] control_decision
[2026-01-02 12:20:53] [INFO] [actions.executor] action_open_app
[2026-01-02 12:21:18] [INFO] [actions.executor] action_open_app
[2026-01-02 12:54:14] [WARNING] [actions.manager] action_app_not_allowed
[2026-01-02 12:56:03] [WARNING] [actions.manager] action_app_not_allowed
[2026-01-02 13:01:22] [INFO] [control] control_decision
[2026-01-02 13:01:22] [INFO] [control] control_decision
[2026-01-02 13:01:22] [INFO] [control] control_decision
[2026-01-02 13:01:41] [INFO] [control] control_decision
[2026-01-02 13:01:41] [ERROR] [actions.manager] action_target_missing
[2026-01-02 13:02:07] [INFO] [control] control_decision
[2026-01-02 13:02:07] [WARNING] [actions.manager] action_latest_download_not_found
[2026-01-02 13:03:01] [INFO] [control] control_decision
[2026-01-02 13:03:01] [INFO] [actions.executor] action_open_app
[2026-01-02 13:03:01] [INFO] [actions.manager] action_open_app_success
[2026-01-02 13:06:33] [INFO] [control] control_decision
[2026-01-02 13:06:33] [INFO] [actions.executor] action_open_app
[2026-01-02 13:06:33] [INFO] [actions.manager] action_open_app_success
[2026-01-02 13:06:33] [INFO] [control] control_decision
[2026-01-02 13:06:33] [WARNING] [actions.manager] action_file_not_found
[2026-01-02 13:06:33] [INFO] [control] control_decision
[2026-01-02 13:06:33] [WARNING] [actions.manager] action_file_not_found
[2026-01-02 13:06:55] [INFO] [control] control_decision
[2026-01-02 13:06:55] [INFO] [actions.executor] action_open_app
[2026-01-02 13:06:55] [INFO] [actions.manager] action_open_app_success
[2026-01-02 13:06:55] [INFO] [control] control_decision
[2026-01-02 13:06:55] [INFO] [control] control_decision
[2026-01-02 13:06:55] [INFO] [control] control_decision
[2026-01-02 13:06:55] [INFO] [automation] automation_step
[2026-01-02 13:06:55] [INFO] [actions.executor] action_open_app
[2026-01-02 13:06:55] [INFO] [actions.manager] action_open_app_success
[2026-01-02 13:06:55] [INFO] [automation] automation_step_success
[2026-01-02 13:06:55] [INFO] [automation] automation_step
[2026-01-02 13:06:55] [WARNING] [actions.manager] action_file_not_found
[2026-01-02 13:06:55] [INFO] [automation] automation_step_success
[2026-01-02 13:06:55] [INFO] [control] control_decision
[2026-01-02 13:06:55] [INFO] [control] control_decision
[2026-01-02 13:06:55] [INFO] [control] control_decision
[2026-01-02 13:06:55] [INFO] [automation] automation_step
[2026-01-02 13:06:55] [INFO] [actions.executor] action_open_app
[2026-01-02 13:06:55] [INFO] [actions.manager] action_open_app_success
[2026-01-02 13:06:55] [INFO] [automation] automation_step_success
[2026-01-02 13:06:55] [INFO] [automation] automation_step
[2026-01-02 13:06:55] [WARNING] [actions.manager] action_file_not_found
[2026-01-02 13:06:55] [INFO] [automation] automation_step_success
[2026-01-02 13:09:00] [INFO] [control] control_decision
[2026-01-02 13:09:00] [INFO] [actions.executor] action_open_app
[2026-01-02 13:09:00] [INFO] [actions.manager] action_open_app_success
[2026-01-02 13:09:00] [INFO] [control] control_decision
[2026-01-02 13:09:00] [INFO] [control] control_decision
[2026-01-02 13:09:00] [INFO] [control] control_decision
[2026-01-02 13:09:00] [INFO] [automation] automation_step
[2026-01-02 13:09:00] [INFO] [actions.executor] action_open_app
[2026-01-02 13:09:00] [INFO] [actions.manager] action_open_app_success
[2026-01-02 13:09:00] [INFO] [automation] automation_step_success
[2026-01-02 13:09:00] [INFO] [automation] automation_step
[2026-01-02 13:09:00] [INFO] [actions.executor] action_open_url
[2026-01-02 13:09:00] [INFO] [actions.manager] action_open_url_success
[2026-01-02 13:09:00] [INFO] [automation] automation_step_success
[2026-01-02 13:09:00] [INFO] [control] control_decision
[2026-01-02 13:09:00] [INFO] [control] control_decision
[2026-01-02 13:09:00] [INFO] [control] control_decision
[2026-01-02 13:09:00] [INFO] [automation] automation_step
[2026-01-02 13:09:00] [INFO] [actions.executor] action_open_app
[2026-01-02 13:09:00] [INFO] [actions.manager] action_open_app_success
[2026-01-02 13:09:00] [INFO] [automation] automation_step_success
[2026-01-02 13:09:00] [INFO] [automation] automation_step
[2026-01-02 13:09:00] [WARNING] [actions.manager] action_file_not_found
[2026-01-02 13:09:00] [INFO] [automation] automation_step_success
[2026-01-02 13:12:03] [INFO] [control] control_decision
[2026-01-02 13:12:03] [INFO] [actions.executor] action_open_app
[2026-01-02 13:12:03] [INFO] [actions.manager] action_open_app_success
[2026-01-02 13:12:03] [INFO] [control] control_decision
[2026-01-02 13:12:03] [INFO] [control] control_decision
[2026-01-02 13:12:03] [INFO] [control] control_decision
[2026-01-02 13:12:03] [INFO] [automation] automation_combine_app_url
[2026-01-02 13:12:03] [INFO] [automation] automation_step
[2026-01-02 13:12:03] [INFO] [actions.executor] action_open_app_with_url
[2026-01-02 13:12:03] [INFO] [actions.manager] action_open_app_with_url_success
[2026-01-02 13:12:03] [INFO] [automation] automation_step_success
[2026-01-02 13:12:03] [INFO] [control] control_decision
[2026-01-02 13:12:03] [INFO] [control] control_decision
[2026-01-02 13:12:03] [INFO] [control] control_decision
[2026-01-02 13:12:03] [INFO] [automation] automation_combine_folder_file
[2026-01-02 13:12:03] [INFO] [automation] automation_step
[2026-01-02 13:12:03] [INFO] [actions.executor] action_open_file_safe
[2026-01-02 13:12:04] [INFO] [actions.manager] action_open_file_from_folder_success
[2026-01-02 13:12:04] [INFO] [automation] automation_step_success
[2026-01-02 13:30:04] [INFO] [memory.preferences] preferences_loaded
[2026-01-02 13:30:04] [INFO] [memory.preferences] preference_detected
[2026-01-02 13:30:04] [INFO] [memory.preferences] preference_detected
[2026-01-02 13:30:04] [INFO] [memory.preferences] preference_detected
[2026-01-02 13:30:04] [INFO] [memory.preferences] preference_detected
[2026-01-02 13:30:04] [INFO] [memory.preferences] preference_detected
[2026-01-02 13:30:04] [INFO] [memory.preferences] preference_detected
[2026-01-02 13:30:04] [INFO] [memory.preferences] preferences_saved
[2026-01-02 13:30:04] [INFO] [memory.preferences] preference_set
[2026-01-02 13:30:04] [INFO] [memory.manager] preference_stored_from_input
[2026-01-02 13:30:04] [INFO] [memory.preferences] preference_detected
[2026-01-02 13:30:04] [INFO] [memory.preferences] preferences_saved
[2026-01-02 13:30:04] [INFO] [memory.preferences] preference_set
[2026-01-02 13:30:04] [INFO] [memory.manager] preference_stored_from_input
[2026-01-02 13:30:04] [INFO] [memory.preferences] preference_detected
[2026-01-02 13:30:04] [INFO] [memory.preferences] preferences_saved
[2026-01-02 13:30:04] [INFO] [memory.preferences] preference_set
[2026-01-02 13:30:04] [INFO] [memory.manager] preference_stored_from_input
[2026-01-02 13:30:04] [INFO] [memory.preferences] preference_read
[2026-01-02 13:30:04] [INFO] [memory.preferences] preference_read
[2026-01-02 13:30:04] [INFO] [memory.preferences] preference_read
[2026-01-02 13:30:04] [INFO] [memory.preferences] preference_read
[2026-01-02 13:30:04] [INFO] [memory.preferences] preferences_saved
[2026-01-02 13:30:04] [INFO] [memory.preferences] preference_removed
[2026-01-02 13:30:04] [INFO] [memory.preferences] preferences_saved
[2026-01-02 13:30:04] [INFO] [memory.preferences] preferences_cleared
[2026-01-02 13:33:08] [INFO] [memory.habits] habit_recorded
[2026-01-02 13:33:08] [INFO] [memory.habits] habit_recorded
[2026-01-02 13:33:08] [INFO] [memory.habits] habit_recorded
[2026-01-02 13:33:08] [INFO] [memory.habits] habit_recorded
[2026-01-02 13:33:08] [INFO] [memory.habits] habit_recorded
[2026-01-02 13:33:08] [INFO] [memory.habits] habit_recorded
[2026-01-02 13:33:08] [INFO] [memory.habits] habit_recorded
[2026-01-02 13:33:08] [INFO] [memory.habits] habit_recorded
[2026-01-02 13:33:08] [INFO] [memory.habits] habit_most_common_read
[2026-01-02 13:33:08] [INFO] [memory.habits] habit_frequency_read
[2026-01-02 13:33:08] [INFO] [memory.habits] habit_most_common_read
[2026-01-02 13:33:08] [INFO] [memory.habits] habit_frequency_read
[2026-01-02 13:33:08] [INFO] [memory.habits] habit_most_common_read
[2026-01-02 13:33:08] [INFO] [memory.habits] habit_frequency_read
[2026-01-02 13:33:08] [INFO] [memory.habits] habit_frequency_read
[2026-01-02 13:33:08] [INFO] [memory.habits] habit_frequency_read
[2026-01-02 13:33:08] [INFO] [memory.habits] habit_frequency_read
[2026-01-02 13:33:08] [INFO] [memory.habits] habits_cleared
[2026-01-02 13:33:08] [INFO] [memory.habits] habit_recorded
[2026-01-02 13:33:08] [INFO] [memory.habits] habit_recorded
[2026-01-02 13:33:08] [INFO] [memory.habits] habit_recorded
[2026-01-02 13:33:08] [INFO] [memory.habits] habit_recorded
[2026-01-02 13:33:08] [INFO] [memory.habits] habit_recorded
[2026-01-02 13:36:48] [INFO] [memory.preferences] preferences_loaded
[2026-01-02 13:36:48] [INFO] [memory.preferences] preferences_saved
[2026-01-02 13:36:48] [INFO] [memory.preferences] preference_set
[2026-01-02 13:36:48] [INFO] [memory.preferences] preference_read
[2026-01-02 13:36:48] [INFO] [suggestions] suggestion_applied
[2026-01-02 13:36:48] [INFO] [memory.preferences] preference_read
[2026-01-02 13:36:48] [INFO] [suggestions] suggestion_applied
[2026-01-02 13:36:48] [INFO] [memory.preferences] preference_read
[2026-01-02 13:36:48] [INFO] [memory.preferences] preferences_saved
[2026-01-02 13:36:48] [INFO] [memory.preferences] preferences_cleared
[2026-01-02 13:36:48] [INFO] [memory.preferences] preferences_saved
[2026-01-02 13:36:48] [INFO] [memory.preferences] preference_set
[2026-01-02 13:36:48] [INFO] [memory.preferences] preference_read
[2026-01-02 13:36:48] [INFO] [suggestions] suggestion_applied
[2026-01-02 13:36:48] [INFO] [memory.preferences] preferences_saved
[2026-01-02 13:36:48] [INFO] [memory.preferences] preferences_cleared
[2026-01-02 13:36:48] [INFO] [memory.habits] habits_cleared
[2026-01-02 13:36:48] [INFO] [memory.habits] habit_recorded
[2026-01-02 13:36:48] [INFO] [memory.habits] habit_recorded
[2026-01-02 13:36:48] [INFO] [memory.habits] habit_recorded
[2026-01-02 13:36:48] [INFO] [memory.habits] habit_most_common_read
[2026-01-02 13:36:48] [INFO] [memory.habits] habit_frequency_read
[2026-01-02 13:36:48] [INFO] [suggestions] suggestion_applied
[2026-01-02 13:36:48] [INFO] [memory.habits] habits_cleared
[2026-01-02 13:36:48] [INFO] [memory.habits] habit_recorded
[2026-01-02 13:36:48] [INFO] [memory.habits] habit_recorded
[2026-01-02 13:36:48] [INFO] [memory.habits] habit_most_common_read
[2026-01-02 13:36:48] [INFO] [memory.habits] habit_frequency_read
[2026-01-02 13:36:48] [INFO] [suggestions] suggestion_applied
[2026-01-02 13:36:48] [INFO] [memory.preferences] preferences_saved
[2026-01-02 13:36:48] [INFO] [memory.preferences] preferences_cleared
[2026-01-02 13:36:48] [INFO] [memory.habits] habits_cleared
[2026-01-02 13:36:48] [INFO] [memory.preferences] preferences_saved
[2026-01-02 13:36:48] [INFO] [memory.preferences] preference_set
[2026-01-02 13:36:48] [INFO] [memory.habits] habit_recorded
[2026-01-02 13:36:48] [INFO] [memory.habits] habit_recorded
[2026-01-02 13:36:48] [INFO] [memory.preferences] preference_read
[2026-01-02 13:36:48] [INFO] [memory.habits] habit_most_common_read
[2026-01-02 13:36:48] [INFO] [memory.preferences] preferences_saved
[2026-01-02 13:36:48] [INFO] [memory.preferences] preferences_cleared
[2026-01-02 13:36:48] [INFO] [memory.preferences] preferences_saved
[2026-01-02 13:36:48] [INFO] [memory.preferences] preference_set
[2026-01-02 13:36:48] [INFO] [memory.preferences] preferences_saved
[2026-01-02 13:36:48] [INFO] [memory.preferences] preference_set
[2026-01-02 13:36:48] [INFO] [memory.preferences] preferences_saved
[2026-01-02 13:36:48] [INFO] [memory.preferences] preference_set
[2026-01-02 13:36:48] [INFO] [memory.habits] habits_cleared
[2026-01-02 13:36:48] [INFO] [memory.habits] habit_recorded
[2026-01-02 13:36:48] [INFO] [memory.habits] habit_recorded
[2026-01-02 13:36:48] [INFO] [memory.habits] habit_recorded
[2026-01-02 13:36:48] [INFO] [memory.preferences] preference_read
[2026-01-02 13:36:48] [INFO] [memory.preferences] preference_read
[2026-01-02 13:36:48] [INFO] [memory.preferences] preference_read
[2026-01-02 13:36:48] [INFO] [memory.habits] habit_most_common_read
[2026-01-02 13:36:48] [INFO] [suggestions] suggestion_applied
[2026-01-02 13:36:48] [INFO] [memory.preferences] preferences_saved
[2026-01-02 13:36:48] [INFO] [memory.preferences] preferences_cleared
[2026-01-02 13:36:48] [INFO] [memory.preferences] preferences_saved
[2026-01-02 13:36:48] [INFO] [memory.preferences] preference_set
[2026-01-02 13:36:48] [INFO] [memory.preferences] preference_read
[2026-01-02 13:36:48] [INFO] [memory.habits] habit_most_common_read
[2026-01-02 13:36:48] [INFO] [suggestions] suggestion_applied
[2026-01-02 13:39:43] [INFO] [memory.preferences] preferences_loaded
[2026-01-02 13:39:43] [INFO] [control] control_decision
[2026-01-02 13:39:43] [INFO] [control] control_decision
[2026-01-02 13:39:43] [INFO] [control] control_decision
[2026-01-02 13:39:43] [INFO] [control] control_decision
[2026-01-02 13:39:43] [INFO] [control] control_decision
[2026-01-02 13:39:43] [INFO] [control] control_decision
[2026-01-02 13:39:43] [INFO] [control] control_decision
[2026-01-02 13:39:43] [INFO] [memory.preferences] preferences_loaded
[2026-01-02 13:39:43] [INFO] [memory.preferences] preferences_saved
[2026-01-02 13:39:43] [INFO] [memory.preferences] preference_set
[2026-01-02 13:39:43] [INFO] [memory.preferences] preferences_saved
[2026-01-02 13:39:43] [INFO] [memory.preferences] preference_set
[2026-01-02 13:39:43] [INFO] [memory.habits] habit_recorded
[2026-01-02 13:39:43] [INFO] [memory.habits] habit_recorded
[2026-01-02 13:39:43] [INFO] [memory.habits] habit_recorded
[2026-01-02 13:39:43] [INFO] [memory.manager] memory_summary_requested
[2026-01-02 13:39:43] [INFO] [memory.conversation] memory_read
[2026-01-02 13:39:43] [INFO] [memory.governance] memory_inspected
[2026-01-02 13:39:43] [INFO] [memory.preferences] preferences_saved
[2026-01-02 13:39:43] [INFO] [memory.preferences] preferences_cleared
[2026-01-02 13:39:43] [INFO] [memory.manager] preferences_cleared
[2026-01-02 13:39:43] [INFO] [memory.governance] memory_governance_action
[2026-01-02 13:39:43] [INFO] [memory.habits] habit_recorded
[2026-01-02 13:39:43] [INFO] [memory.habits] habit_recorded
[2026-01-02 13:39:43] [INFO] [memory.habits] habits_cleared
[2026-01-02 13:39:43] [INFO] [memory.manager] habits_cleared
[2026-01-02 13:39:43] [INFO] [memory.governance] memory_governance_action
[2026-01-02 13:39:43] [INFO] [memory.preferences] preferences_saved
[2026-01-02 13:39:43] [INFO] [memory.preferences] preference_set
[2026-01-02 13:39:43] [INFO] [memory.habits] habit_recorded
[2026-01-02 13:39:43] [INFO] [memory.preferences] preferences_saved
[2026-01-02 13:39:43] [INFO] [memory.preferences] preferences_cleared
[2026-01-02 13:39:43] [INFO] [memory.habits] habits_cleared
[2026-01-02 13:39:43] [WARNING] [memory.manager] all_memory_cleared
[2026-01-02 13:39:43] [WARNING] [memory.governance] memory_governance_action
[2026-01-02 13:39:43] [WARNING] [memory.governance] memory_governance_action
[2026-01-02 13:39:43] [INFO] [memory.governance] memory_governance_action
[2026-01-02 13:39:43] [WARNING] [memory.governance] memory_governance_unrecognized
[2026-01-02 13:39:43] [INFO] [control] control_decision
[2026-01-02 13:39:43] [INFO] [control] control_decision
[2026-01-02 13:39:43] [INFO] [control] control_decision
[2026-01-02 13:39:43] [INFO] [memory.preferences] preferences_saved
[2026-01-02 13:39:43] [INFO] [memory.preferences] preference_set
[2026-01-02 13:39:43] [INFO] [memory.manager] memory_summary_requested
[2026-01-02 13:39:43] [INFO] [memory.conversation] memory_read
